<?xml version="1.0" encoding="UTF-8"?>
<!-- Generated by org.testng.reporters.JUnitXMLReporter -->
<testsuite hostname="PARVEZBS01" ignored="0" name="UItestsuite" tests="2" failures="1" timestamp="05 Dec 2018 17:42:55 GMT" time="29.606" errors="0">
  <testcase name="TC1_Launch_Emirates_Travel_Website" time="1.176" classname="testsuite.UItestsuite"/>
  <testcase name="TC2_Check_Available_Tickets" time="10.906" classname="testsuite.UItestsuite">
    <failure type="java.lang.AssertionError" message="uiElement is not identified or not clickable.">
      <![CDATA[java.lang.AssertionError: uiElement is not identified or not clickable.
at Operations.BusinessOps.validateNClickUiElement(BusinessOps.java:43)
at testsuite.UItestsuite.TC2_Check_Available_Tickets(UItestsuite.java:94)
at testsuite.MainExecutor.main(MainExecutor.java:16)
... Removed 23 stack frames]]>
    </failure>
  </testcase> <!-- TC2_Check_Available_Tickets -->
</testsuite> <!-- UItestsuite -->
